 <211061925463260800> 13/12/2023 17:44:40.024     [Error  ] - [MgGui.dll] in Field.initElements(): size must be greater than zero, Program: "test main".
 <211061925463260800> 13/12/2023 17:44:40.084     [Error  ] - [MgGui.dll] 
   at System.Environment.GetStackTrace(Exception e, Boolean needFileInfo)
   at System.Environment.get_StackTrace()
   at com.magicsoftware.rte.CoreExecutor.WriteExceptionToLog(Int64 contextID, String msg)
   at com.magicsoftware.rte.GuiEventsProcessor.WriteExceptionToLog(String message)
   at com.magicsoftware.unipaas.Events.WriteExceptionToLog(String msg)
   at com.magicsoftware.unipaas.management.data.FieldDef.setAttribute(String attribute, String valueStr)
   at com.magicsoftware.unipaas.management.data.FieldDef.initElements(List`1 tokensVector)
   at com.magicsoftware.unipaas.management.data.FieldDef.fillData()
   at com.magicsoftware.rte.data.FieldsTable.initField(DataViewBase dataview)
   at com.magicsoftware.unipaas.management.data.FieldsTable.initInnerObjects(String foundTagName, DataViewBase dataview)
   at com.magicsoftware.unipaas.management.data.FieldsTable.fillData(DataViewBase dataview)
   at com.magicsoftware.unipaas.management.data.DataViewBase.fillHeaderData()
   at com.magicsoftware.unipaas.management.tasks.TaskBase.initInnerObjects(String foundTagName, MgFormBase parentForm)
   at com.magicsoftware.rte.tasks.Task.FillData(MgFormBase parentFrom)
   at com.magicsoftware.rte.tasks.TasksManager.InitInnerObjects(String currTagName, Int64 contextID, MgFormBase parentForm, Task& task)
   at com.magicsoftware.rte.tasks.TasksManager.fillData(Int64 contextID, String xmlData, MgFormBase parentForm)
   at com.magicsoftware.rte.RteExecutor.OpenTask(Double contextID, String xmlData, Int32 parentFormTskID, Int32 triggeringParentTaskID)
   at RteExecutorEndpoint.OpenTask(Double contextID, String content, Int32 parentTskID, Int32 triggeringTaskID)
   at RteExecutorBridge.OpenTask(RteExecutorBridge* , Double contextID, UInt16* content, Int32 parentFormTskID, Int32 triggeringTaskID)
   at CoreExecutorEndpoint.EventsLoop()
   at CoreExecutorGateway.EventsLoop()
   at com.magicsoftware.rte.RTEmanager.ExecuteWorkThread()
   at System.Threading.ThreadHelper.ThreadStart_Context(Object state)
   at System.Threading.ExecutionContext.RunInternal(ExecutionContext executionContext, ContextCallback callback, Object state, Boolean preserveSyncCtx)
   at System.Threading.ExecutionContext.Run(ExecutionContext executionContext, ContextCallback callback, Object state, Boolean preserveSyncCtx)
   at System.Threading.ExecutionContext.Run(ExecutionContext executionContext, ContextCallback callback, Object state)
   at System.Threading.ThreadHelper.ThreadStart(), Program: "test main".
 <211061925463260800> 13/12/2023 17:44:40.086     [Error  ] - [MgGui.dll] in Field.initElements(): size must be greater than zero, Program: "test main".
 <211061925463260800> 13/12/2023 17:44:40.089     [Error  ] - [MgGui.dll] 
   at System.Environment.GetStackTrace(Exception e, Boolean needFileInfo)
   at System.Environment.get_StackTrace()
   at com.magicsoftware.rte.CoreExecutor.WriteExceptionToLog(Int64 contextID, String msg)
   at com.magicsoftware.rte.GuiEventsProcessor.WriteExceptionToLog(String message)
   at com.magicsoftware.unipaas.Events.WriteExceptionToLog(String msg)
   at com.magicsoftware.unipaas.management.data.FieldDef.setAttribute(String attribute, String valueStr)
   at com.magicsoftware.unipaas.management.data.FieldDef.initElements(List`1 tokensVector)
   at com.magicsoftware.unipaas.management.data.FieldDef.fillData()
   at com.magicsoftware.rte.data.FieldsTable.initField(DataViewBase dataview)
   at com.magicsoftware.unipaas.management.data.FieldsTable.initInnerObjects(String foundTagName, DataViewBase dataview)
   at com.magicsoftware.unipaas.management.data.FieldsTable.fillData(DataViewBase dataview)
   at com.magicsoftware.unipaas.management.data.DataViewBase.fillHeaderData()
   at com.magicsoftware.unipaas.management.tasks.TaskBase.initInnerObjects(String foundTagName, MgFormBase parentForm)
   at com.magicsoftware.rte.tasks.Task.FillData(MgFormBase parentFrom)
   at com.magicsoftware.rte.tasks.TasksManager.InitInnerObjects(String currTagName, Int64 contextID, MgFormBase parentForm, Task& task)
   at com.magicsoftware.rte.tasks.TasksManager.fillData(Int64 contextID, String xmlData, MgFormBase parentForm)
   at com.magicsoftware.rte.RteExecutor.OpenTask(Double contextID, String xmlData, Int32 parentFormTskID, Int32 triggeringParentTaskID)
   at RteExecutorEndpoint.OpenTask(Double contextID, String content, Int32 parentTskID, Int32 triggeringTaskID)
   at RteExecutorBridge.OpenTask(RteExecutorBridge* , Double contextID, UInt16* content, Int32 parentFormTskID, Int32 triggeringTaskID)
   at CoreExecutorEndpoint.EventsLoop()
   at CoreExecutorGateway.EventsLoop()
   at com.magicsoftware.rte.RTEmanager.ExecuteWorkThread()
   at System.Threading.ThreadHelper.ThreadStart_Context(Object state)
   at System.Threading.ExecutionContext.RunInternal(ExecutionContext executionContext, ContextCallback callback, Object state, Boolean preserveSyncCtx)
   at System.Threading.ExecutionContext.Run(ExecutionContext executionContext, ContextCallback callback, Object state, Boolean preserveSyncCtx)
   at System.Threading.ExecutionContext.Run(ExecutionContext executionContext, ContextCallback callback, Object state)
   at System.Threading.ThreadHelper.ThreadStart(), Program: "test main".
 <-1> 17/05/2024 02:07:37.294     [Error  ] - Data Sources full open of "D:\MSE\XPA\XPA49Studio\Projects\GItNumberingIssue\Source\DataSources.xml" ("D:\MSE\XPA\XPA49Studio\Projects\GItNumberingIssue\Source\DataSourcesIndex.xml" is outdated! It is recommended to regenerate the project's 'Source' folder from an up-to-date export file.)
